<?xml version="1.0" encoding="UTF-8"?>
<testng-results skipped="0" failed="0" ignored="0" total="2" passed="2">
  <reporter-output>
  </reporter-output>
  <suite name="Command line suite" duration-ms="24750" started-at="2019-04-23T01:53:29Z" finished-at="2019-04-23T01:53:53Z">
    <groups>
    </groups>
    <test name="Command line test" duration-ms="24750" started-at="2019-04-23T01:53:29Z" finished-at="2019-04-23T01:53:53Z">
      <class name="com.code.msl_admin_Test">
        <test-method status="PASS" signature="beforeTest()[pri:0, instance:com.code.msl_admin_Test@2c9f9fb0]" name="beforeTest" is-config="true" duration-ms="17190" started-at="2019-04-23T01:53:29Z" finished-at="2019-04-23T01:53:46Z">
          <reporter-output>
          </reporter-output>
        </test-method> <!-- beforeTest -->
        <test-method status="PASS" signature="TestmsladminTab()[pri:0, instance:com.code.msl_admin_Test@2c9f9fb0]" name="TestmsladminTab" duration-ms="1855" started-at="2019-04-23T01:53:46Z" finished-at="2019-04-23T01:53:48Z">
          <reporter-output>
          </reporter-output>
        </test-method> <!-- TestmsladminTab -->
        <test-method status="PASS" signature="afterTest()[pri:0, instance:com.code.msl_admin_Test@2c9f9fb0]" name="afterTest" is-config="true" duration-ms="5565" started-at="2019-04-23T01:53:48Z" finished-at="2019-04-23T01:53:53Z">
          <reporter-output>
          </reporter-output>
        </test-method> <!-- afterTest -->
      </class> <!-- com.code.msl_admin_Test -->
      <class name="com.code.appTest">
        <test-method status="PASS" signature="test()[pri:0, instance:com.code.appTest@2096442d]" name="test" duration-ms="2" started-at="2019-04-23T01:53:46Z" finished-at="2019-04-23T01:53:46Z">
          <reporter-output>
          </reporter-output>
        </test-method> <!-- test -->
      </class> <!-- com.code.appTest -->
    </test> <!-- Command line test -->
  </suite> <!-- Command line suite -->
</testng-results>
