<?xml version="1.0" encoding="UTF-8"?>
<testng-results skipped="0" failed="0" ignored="0" total="1" passed="1">
  <reporter-output>
  </reporter-output>
  <suite name="Default suite" duration-ms="20810" started-at="2019-04-23T01:48:24Z" finished-at="2019-04-23T01:48:44Z">
    <groups>
    </groups>
    <test name="Default test" duration-ms="20810" started-at="2019-04-23T01:48:24Z" finished-at="2019-04-23T01:48:44Z">
      <class name="com.code.msl_admin_Test">
        <test-method status="PASS" signature="beforeTest()[pri:0, instance:com.code.msl_admin_Test@57fffcd7]" name="beforeTest" is-config="true" duration-ms="13904" started-at="2019-04-23T01:48:24Z" finished-at="2019-04-23T01:48:38Z">
          <reporter-output>
          </reporter-output>
        </test-method> <!-- beforeTest -->
        <test-method status="PASS" signature="TestmsladminTab()[pri:0, instance:com.code.msl_admin_Test@57fffcd7]" name="TestmsladminTab" duration-ms="2179" started-at="2019-04-23T01:48:38Z" finished-at="2019-04-23T01:48:40Z">
          <reporter-output>
          </reporter-output>
        </test-method> <!-- TestmsladminTab -->
        <test-method status="PASS" signature="afterTest()[pri:0, instance:com.code.msl_admin_Test@57fffcd7]" name="afterTest" is-config="true" duration-ms="4642" started-at="2019-04-23T01:48:40Z" finished-at="2019-04-23T01:48:44Z">
          <reporter-output>
          </reporter-output>
        </test-method> <!-- afterTest -->
      </class> <!-- com.code.msl_admin_Test -->
    </test> <!-- Default test -->
  </suite> <!-- Default suite -->
</testng-results>
